03:21:50.918 Navigated to https://www.desigual.com/en_US/
03:21:52.900 Third-party cookie will be blocked. Learn more in the Issues tab.
03:21:52.900 Third-party cookie will be blocked. Learn more in the Issues tab.
03:21:52.900 Third-party cookie will be blocked. Learn more in the Issues tab.
03:21:52.900 Third-party cookie will be blocked. Learn more in the Issues tab.
03:21:52.900 Third-party cookie will be blocked. Learn more in the Issues tab.
03:21:52.900 Third-party cookie will be blocked. Learn more in the Issues tab.
03:21:52.900 Third-party cookie will be blocked. Learn more in the Issues tab.
03:21:52.900 Third-party cookie will be blocked. Learn more in the Issues tab.
03:21:52.900 Third-party cookie will be blocked. Learn more in the Issues tab.
03:21:52.900 Third-party cookie will be blocked. Learn more in the Issues tab.
03:21:52.900 Third-party cookie will be blocked. Learn more in the Issues tab.
03:21:52.900 Third-party cookie will be blocked. Learn more in the Issues tab.
03:21:52.900 Third-party cookie will be blocked. Learn more in the Issues tab.
03:21:52.900 Third-party cookie will be blocked. Learn more in the Issues tab.
03:21:52.900 Third-party cookie will be blocked. Learn more in the Issues tab.
03:21:52.900 Third-party cookie will be blocked. Learn more in the Issues tab.
03:21:52.900 Third-party cookie will be blocked. Learn more in the Issues tab.
03:21:52.900 Third-party cookie will be blocked. Learn more in the Issues tab.
03:21:52.900 Third-party cookie will be blocked. Learn more in the Issues tab.
03:21:52.900 Third-party cookie will be blocked. Learn more in the Issues tab.
03:21:52.900 Third-party cookie will be blocked. Learn more in the Issues tab.
03:21:52.900 Third-party cookie will be blocked. Learn more in the Issues tab.
03:21:52.900 Third-party cookie will be blocked. Learn more in the Issues tab.
03:21:52.900 Third-party cookie will be blocked. Learn more in the Issues tab.
03:21:52.900 Third-party cookie will be blocked. Learn more in the Issues tab.
03:21:52.900 Third-party cookie will be blocked. Learn more in the Issues tab.
03:21:52.900 Third-party cookie will be blocked. Learn more in the Issues tab.
03:21:52.900 Third-party cookie will be blocked. Learn more in the Issues tab.
03:21:52.900 Third-party cookie will be blocked. Learn more in the Issues tab.
03:21:52.900 Third-party cookie will be blocked. Learn more in the Issues tab.
03:21:52.900 Third-party cookie will be blocked. Learn more in the Issues tab.
03:21:52.900 Third-party cookie will be blocked. Learn more in the Issues tab.
03:21:52.900 Third-party cookie will be blocked. Learn more in the Issues tab.
03:21:52.900 Third-party cookie will be blocked. Learn more in the Issues tab.
03:21:52.900 Third-party cookie will be blocked. Learn more in the Issues tab.
03:21:52.900 Third-party cookie will be blocked. Learn more in the Issues tab.
03:21:52.900 Third-party cookie will be blocked. Learn more in the Issues tab.
03:21:52.900 Third-party cookie will be blocked. Learn more in the Issues tab.
03:21:52.900 Third-party cookie will be blocked. Learn more in the Issues tab.
03:21:52.900 Third-party cookie will be blocked. Learn more in the Issues tab.
03:21:52.900 Third-party cookie will be blocked. Learn more in the Issues tab.
03:21:52.900 Third-party cookie will be blocked. Learn more in the Issues tab.
03:21:52.900 Third-party cookie will be blocked. Learn more in the Issues tab.
03:21:52.900 Third-party cookie will be blocked. Learn more in the Issues tab.
03:21:52.900 Third-party cookie will be blocked. Learn more in the Issues tab.
03:21:52.900 Third-party cookie will be blocked. Learn more in the Issues tab.
03:21:52.900 Third-party cookie will be blocked. Learn more in the Issues tab.
03:21:52.900 Third-party cookie will be blocked. Learn more in the Issues tab.
03:21:52.900 Third-party cookie will be blocked. Learn more in the Issues tab.
03:21:52.900 Third-party cookie will be blocked. Learn more in the Issues tab.
03:21:52.900 Third-party cookie will be blocked. Learn more in the Issues tab.
03:21:52.900 Third-party cookie will be blocked. Learn more in the Issues tab.
03:21:52.900 Third-party cookie will be blocked. Learn more in the Issues tab.
03:21:52.900 Third-party cookie will be blocked. Learn more in the Issues tab.
03:21:52.900 Third-party cookie will be blocked. Learn more in the Issues tab.
03:21:52.900 Third-party cookie will be blocked. Learn more in the Issues tab.
03:21:52.900 Third-party cookie will be blocked. Learn more in the Issues tab.
03:21:52.900 Third-party cookie will be blocked. Learn more in the Issues tab.
03:21:52.900 Third-party cookie will be blocked. Learn more in the Issues tab.
03:21:52.900 Third-party cookie will be blocked. Learn more in the Issues tab.
03:21:52.900 Third-party cookie will be blocked. Learn more in the Issues tab.
03:21:52.900 Third-party cookie will be blocked. Learn more in the Issues tab.
03:21:52.900 Third-party cookie will be blocked. Learn more in the Issues tab.
03:21:52.900 Third-party cookie will be blocked. Learn more in the Issues tab.
03:21:52.900 Third-party cookie will be blocked. Learn more in the Issues tab.
03:21:52.900 Third-party cookie will be blocked. Learn more in the Issues tab.
03:21:52.900 Third-party cookie will be blocked. Learn more in the Issues tab.
03:21:52.900 Third-party cookie will be blocked. Learn more in the Issues tab.
03:21:52.900 Third-party cookie will be blocked. Learn more in the Issues tab.
03:21:52.900 Third-party cookie will be blocked. Learn more in the Issues tab.
03:21:52.900 Third-party cookie will be blocked. Learn more in the Issues tab.
03:21:52.900 Third-party cookie will be blocked. Learn more in the Issues tab.
03:21:52.900 Third-party cookie will be blocked. Learn more in the Issues tab.
03:21:52.900 Third-party cookie will be blocked. Learn more in the Issues tab.
03:21:52.900 Third-party cookie will be blocked. Learn more in the Issues tab.
03:21:52.900 Third-party cookie will be blocked. Learn more in the Issues tab.
03:21:52.900 Third-party cookie will be blocked. Learn more in the Issues tab.
03:21:52.900 Third-party cookie will be blocked. Learn more in the Issues tab.
03:21:52.900 Third-party cookie will be blocked. Learn more in the Issues tab.
03:21:52.900 Third-party cookie will be blocked. Learn more in the Issues tab.
03:21:52.900 Third-party cookie will be blocked. Learn more in the Issues tab.
03:21:52.900 Third-party cookie will be blocked. Learn more in the Issues tab.
03:21:52.900 Third-party cookie will be blocked. Learn more in the Issues tab.
03:21:52.900 Third-party cookie will be blocked. Learn more in the Issues tab.
03:21:52.900 Third-party cookie will be blocked. Learn more in the Issues tab.
03:21:52.900 Third-party cookie will be blocked. Learn more in the Issues tab.
03:21:52.900 Third-party cookie will be blocked. Learn more in the Issues tab.
03:21:52.900 Third-party cookie will be blocked. Learn more in the Issues tab.
03:21:52.900 Third-party cookie will be blocked. Learn more in the Issues tab.
03:21:52.900 Third-party cookie will be blocked. Learn more in the Issues tab.
03:21:52.900 Third-party cookie will be blocked. Learn more in the Issues tab.
03:21:52.900 Third-party cookie will be blocked. Learn more in the Issues tab.
03:21:52.900 Third-party cookie will be blocked. Learn more in the Issues tab.
03:21:52.900 Third-party cookie will be blocked. Learn more in the Issues tab.
03:21:52.900 Third-party cookie will be blocked. Learn more in the Issues tab.
03:21:52.900 Third-party cookie will be blocked. Learn more in the Issues tab.
03:21:52.900 Third-party cookie will be blocked. Learn more in the Issues tab.
03:21:52.900 Third-party cookie will be blocked. Learn more in the Issues tab.
03:21:52.900 Third-party cookie will be blocked. Learn more in the Issues tab.
03:21:52.900 Third-party cookie will be blocked. Learn more in the Issues tab.
03:21:52.900 Third-party cookie will be blocked. Learn more in the Issues tab.
03:21:52.900 Third-party cookie will be blocked. Learn more in the Issues tab.
03:21:52.900 Third-party cookie will be blocked. Learn more in the Issues tab.
03:21:52.900 Third-party cookie will be blocked. Learn more in the Issues tab.
03:21:52.900 Third-party cookie will be blocked. Learn more in the Issues tab.
03:21:52.900 Third-party cookie will be blocked. Learn more in the Issues tab.
03:21:52.900 Third-party cookie will be blocked. Learn more in the Issues tab.
03:21:52.900 Third-party cookie will be blocked. Learn more in the Issues tab.
03:21:52.900 Third-party cookie will be blocked. Learn more in the Issues tab.
03:21:52.900 Third-party cookie will be blocked. Learn more in the Issues tab.
03:21:52.900 Third-party cookie will be blocked. Learn more in the Issues tab.
03:21:52.900 Third-party cookie will be blocked. Learn more in the Issues tab.
03:21:52.900 Third-party cookie will be blocked. Learn more in the Issues tab.
03:21:52.900 Third-party cookie will be blocked. Learn more in the Issues tab.
03:21:52.900 Third-party cookie will be blocked. Learn more in the Issues tab.
03:21:52.900 Third-party cookie will be blocked. Learn more in the Issues tab.
03:21:52.900 Third-party cookie will be blocked. Learn more in the Issues tab.
03:21:52.900 Third-party cookie will be blocked. Learn more in the Issues tab.
03:21:52.900 Third-party cookie will be blocked. Learn more in the Issues tab.
03:21:52.900 Third-party cookie will be blocked. Learn more in the Issues tab.
03:21:52.900 Third-party cookie will be blocked. Learn more in the Issues tab.
03:21:52.900 Third-party cookie will be blocked. Learn more in the Issues tab.
03:21:52.900 Third-party cookie will be blocked. Learn more in the Issues tab.
03:21:52.900 Third-party cookie will be blocked. Learn more in the Issues tab.
03:21:52.900 Third-party cookie will be blocked. Learn more in the Issues tab.
03:21:52.900 Third-party cookie will be blocked. Learn more in the Issues tab.
03:21:52.900 Third-party cookie will be blocked. Learn more in the Issues tab.
03:21:52.900 Third-party cookie will be blocked. Learn more in the Issues tab.
03:21:52.900 Third-party cookie will be blocked. Learn more in the Issues tab.
03:21:52.042 en_US/:1 Access to script at 'https://aacdn.nagich.com/core/4.5.11/accessibility.js' from origin 'https://www.desigual.com' has been blocked by CORS policy: No 'Access-Control-Allow-Origin' header is present on the requested resource.
03:21:52.042 en_US/:5701 
        
        
       GET https://aacdn.nagich.com/core/4.5.11/accessibility.js net::ERR_FAILED 403 (Forbidden)
(anonymous) @ en_US/:5701
(anonymous) @ en_US/:5702
03:21:52.707 record-api.js:169 root:1
03:21:52.708 record-api.js:169 root
03:21:53.021 record-api.js:30 Received from "root:1" in "root"
03:21:53.052 en_US/:1 Attestation check for Topics on https://www.desigual.com/ failed.
03:21:53.059 record-api.js:169 root:2
03:21:53.265 record-api.js:169 root:0
03:21:53.367 record-api.js:30 Received from "root:2" in "root"
03:21:53.409 record-api.js:66 Received locators in 'root:1' ['//iframe[2]']
03:21:53.409 record-api.js:71 FrameLocation updated to {location: 'root:1', locators: Array(1)}
03:21:53.549 record-api.js:169 root:0:0
03:21:53.697 record-api.js:30 Received from "root:0:0" in "root:0"
03:21:53.778 record-api.js:30 Received from "root:0" in "root"
03:21:53.922 VM2013 record-api.js:169 root:3
03:21:54.087 VM2159 record-api.js:169 root:4
03:21:54.164 record-api.js:48 Waiting for parent locators to be resolved
03:21:54.262 VM2305 record-api.js:169 root:5
03:21:54.407 VM2451 record-api.js:169 root:6
03:21:54.478 record-api.js:66 Received locators in 'root:2' ['id=criteo-syncframe-onetag']
03:21:54.478 record-api.js:71 FrameLocation updated to {location: 'root:2', locators: Array(1)}
03:21:54.523 record-api.js:66 Received locators in 'root:0' ['css=iframe']
03:21:54.523 record-api.js:71 FrameLocation updated to {location: 'root:0', locators: Array(1)}
03:21:54.558 record-api.js:30 Received from "root:3" in "root"
03:21:54.565 record-api.js:30 Received from "root:4" in "root"
03:21:54.573 record-api.js:30 Received from "root:5" in "root"
03:21:54.595 record-api.js:30 Received from "root:6" in "root"
03:21:54.994 VM2013 record-api.js:66 Received locators in 'root:3' ['id=__JSBridgeIframe_1.0__']
03:21:54.994 VM2013 record-api.js:71 FrameLocation updated to {location: 'root:3', locators: Array(1)}
03:21:54.995 VM2159 record-api.js:66 Received locators in 'root:4' ['id=__JSBridgeIframe_SetResult_1.0__']
03:21:54.995 VM2159 record-api.js:71 FrameLocation updated to {location: 'root:4', locators: Array(1)}
03:21:54.995 VM2305 record-api.js:66 Received locators in 'root:5' ['id=__JSBridgeIframe__']
03:21:54.996 VM2305 record-api.js:71 FrameLocation updated to {location: 'root:5', locators: Array(1)}
03:21:54.996 VM2451 record-api.js:66 Received locators in 'root:6' ['id=__JSBridgeIframe_SetResult__']
03:21:54.996 VM2451 record-api.js:71 FrameLocation updated to {location: 'root:6', locators: Array(1)}
03:21:55.109 VM2632 record-api.js:169 root:9
03:21:55.159 record-api.js:66 Received locators in 'root:0:0' (2) ['css=iframe', 'css=iframe']
03:21:55.159 record-api.js:71 FrameLocation updated to {location: 'root:0:0', locators: Array(2)}
03:21:55.177 record-api.js:169 root:7
03:21:55.377 record-api.js:30 Received from "root:9" in "root"
03:21:55.390 record-api.js:169 root:8
03:21:55.516 record-api.js:30 Received from "root:7" in "root"
03:21:55.522 record-api.js:30 Received from "root:8" in "root"
03:21:55.527 VM2632 record-api.js:66 Received locators in 'root:9' ['css=iframe.ot-text-resize']
03:21:55.527 VM2632 record-api.js:71 FrameLocation updated to {location: 'root:9', locators: Array(1)}
03:21:55.712 record-api.js:169 root:10
03:21:55.821 record-api.js:66 Received locators in 'root:7' ['css=iframe[title="Criteo Fledge iframe"]']
03:21:55.821 record-api.js:71 FrameLocation updated to {location: 'root:7', locators: Array(1)}
03:21:55.822 record-api.js:66 Received locators in 'root:8' ['//body/iframe[4]']
03:21:55.822 record-api.js:71 FrameLocation updated to {location: 'root:8', locators: Array(1)}
03:21:56.155 record-api.js:30 Received from "root:10" in "root"
03:21:56.262 record-api.js:66 Received locators in 'root:10' ['//iframe[5]']
03:21:56.262 record-api.js:71 FrameLocation updated to {location: 'root:10', locators: Array(1)}
03:21:56.704 VM2875 record-api.js:169 root:12
03:21:56.724 record-api.js:169 root:11
03:21:56.817 record-api.js:30 Received from "root:12" in "root"
03:21:56.827 event?a=94689&v=5.23.0&otl=1&p0=e%3Dce%26m%3D%255Bc47c308487b371f08d0f413b062eeb5e8888e05aa545f52b634668e4945ba910%255D%26h%3Dsha256&p1=e%3Dexd%26z%3D%26site_type%3Dd&p2=e%3Dvh%26tms%3Dgtm-ee-1.1.0&p3=e%3Ddis&adce=1&bundle=KuMjzF9xUVhxTjlmYmhiJTJCUHU2dUlpcUdlMUxWNFdGTFIlMkJEJTJCbTMlMkYlMkJSaXJWSSUyRm9KRFM1Ym5rNTNROG03eSUyRnJIVHExJTJGN0JIUU9LNXB4bzg0TDdHSE1QQ3V2YnpLTjlpU1FqekFScmdyWDhZaHd3Q1NhMFZkdGFKJTJCS2c0VnM1TUxmUlRiSmhqWWdpbDR6aDZyaTBTJTJCV1RDWWNXWjBENmRoMmR2bU50RHZJVkQyUU45QSUzRA&tld=desigual.com&dy=1&fu=https%253A%252F%252Fwww.desigual.com%252Fen_US%252F&pu=https%253A%252F%252Fwww.desigual.com%252Fen_US%252Fnew%252Fdesigual%252Flanding%252F&ceid=c36bb254-cbb0-4c0f-8a82-2d9f8fc8dba4&dtycbr=28731:1 An iframe which has both allow-scripts and allow-same-origin for its sandbox attribute can escape its sandboxing.
callDisInternal @ event?a=94689&v=5.23.0&otl=1&p0=e%3Dce%26m%3D%255Bc47c308487b371f08d0f413b062eeb5e8888e05aa545f52b634668e4945ba910%255D%26h%3Dsha256&p1=e%3Dexd%26z%3D%26site_type%3Dd&p2=e%3Dvh%26tms%3Dgtm-ee-1.1.0&p3=e%3Ddis&adce=1&bundle=KuMjzF9xUVhxTjlmYmhiJTJCUHU2dUlpcUdlMUxWNFdGTFIlMkJEJTJCbTMlMkYlMkJSaXJWSSUyRm9KRFM1Ym5rNTNROG03eSUyRnJIVHExJTJGN0JIUU9LNXB4bzg0TDdHSE1QQ3V2YnpLTjlpU1FqekFScmdyWDhZaHd3Q1NhMFZkdGFKJTJCS2c0VnM1TUxmUlRiSmhqWWdpbDR6aDZyaTBTJTJCV1RDWWNXWjBENmRoMmR2bU50RHZJVkQyUU45QSUzRA&tld=desigual.com&dy=1&fu=https%253A%252F%252Fwww.desigual.com%252Fen_US%252F&pu=https%253A%252F%252Fwww.desigual.com%252Fen_US%252Fnew%252Fdesigual%252Flanding%252F&ceid=c36bb254-cbb0-4c0f-8a82-2d9f8fc8dba4&dtycbr=28731:1
c @ event?a=94689&v=5.23.0&otl=1&p0=e%3Dce%26m%3D%255Bc47c308487b371f08d0f413b062eeb5e8888e05aa545f52b634668e4945ba910%255D%26h%3Dsha256&p1=e%3Dexd%26z%3D%26site_type%3Dd&p2=e%3Dvh%26tms%3Dgtm-ee-1.1.0&p3=e%3Ddis&adce=1&bundle=KuMjzF9xUVhxTjlmYmhiJTJCUHU2dUlpcUdlMUxWNFdGTFIlMkJEJTJCbTMlMkYlMkJSaXJWSSUyRm9KRFM1Ym5rNTNROG03eSUyRnJIVHExJTJGN0JIUU9LNXB4bzg0TDdHSE1QQ3V2YnpLTjlpU1FqekFScmdyWDhZaHd3Q1NhMFZkdGFKJTJCS2c0VnM1TUxmUlRiSmhqWWdpbDR6aDZyaTBTJTJCV1RDWWNXWjBENmRoMmR2bU50RHZJVkQyUU45QSUzRA&tld=desigual.com&dy=1&fu=https%253A%252F%252Fwww.desigual.com%252Fen_US%252F&pu=https%253A%252F%252Fwww.desigual.com%252Fen_US%252Fnew%252Fdesigual%252Flanding%252F&ceid=c36bb254-cbb0-4c0f-8a82-2d9f8fc8dba4&dtycbr=28731:1
load (async)
callDis @ event?a=94689&v=5.23.0&otl=1&p0=e%3Dce%26m%3D%255Bc47c308487b371f08d0f413b062eeb5e8888e05aa545f52b634668e4945ba910%255D%26h%3Dsha256&p1=e%3Dexd%26z%3D%26site_type%3Dd&p2=e%3Dvh%26tms%3Dgtm-ee-1.1.0&p3=e%3Ddis&adce=1&bundle=KuMjzF9xUVhxTjlmYmhiJTJCUHU2dUlpcUdlMUxWNFdGTFIlMkJEJTJCbTMlMkYlMkJSaXJWSSUyRm9KRFM1Ym5rNTNROG03eSUyRnJIVHExJTJGN0JIUU9LNXB4bzg0TDdHSE1QQ3V2YnpLTjlpU1FqekFScmdyWDhZaHd3Q1NhMFZkdGFKJTJCS2c0VnM1TUxmUlRiSmhqWWdpbDR6aDZyaTBTJTJCV1RDWWNXWjBENmRoMmR2bU50RHZJVkQyUU45QSUzRA&tld=desigual.com&dy=1&fu=https%253A%252F%252Fwww.desigual.com%252Fen_US%252F&pu=https%253A%252F%252Fwww.desigual.com%252Fen_US%252Fnew%252Fdesigual%252Flanding%252F&ceid=c36bb254-cbb0-4c0f-8a82-2d9f8fc8dba4&dtycbr=28731:1
(anonymous) @ event?a=94689&v=5.23.0&otl=1&p0=e%3Dce%26m%3D%255Bc47c308487b371f08d0f413b062eeb5e8888e05aa545f52b634668e4945ba910%255D%26h%3Dsha256&p1=e%3Dexd%26z%3D%26site_type%3Dd&p2=e%3Dvh%26tms%3Dgtm-ee-1.1.0&p3=e%3Ddis&adce=1&bundle=KuMjzF9xUVhxTjlmYmhiJTJCUHU2dUlpcUdlMUxWNFdGTFIlMkJEJTJCbTMlMkYlMkJSaXJWSSUyRm9KRFM1Ym5rNTNROG03eSUyRnJIVHExJTJGN0JIUU9LNXB4bzg0TDdHSE1QQ3V2YnpLTjlpU1FqekFScmdyWDhZaHd3Q1NhMFZkdGFKJTJCS2c0VnM1TUxmUlRiSmhqWWdpbDR6aDZyaTBTJTJCV1RDWWNXWjBENmRoMmR2bU50RHZJVkQyUU45QSUzRA&tld=desigual.com&dy=1&fu=https%253A%252F%252Fwww.desigual.com%252Fen_US%252F&pu=https%253A%252F%252Fwww.desigual.com%252Fen_US%252Fnew%252Fdesigual%252Flanding%252F&ceid=c36bb254-cbb0-4c0f-8a82-2d9f8fc8dba4&dtycbr=28731:2
(anonymous) @ event?a=94689&v=5.23.0&otl=1&p0=e%3Dce%26m%3D%255Bc47c308487b371f08d0f413b062eeb5e8888e05aa545f52b634668e4945ba910%255D%26h%3Dsha256&p1=e%3Dexd%26z%3D%26site_type%3Dd&p2=e%3Dvh%26tms%3Dgtm-ee-1.1.0&p3=e%3Ddis&adce=1&bundle=KuMjzF9xUVhxTjlmYmhiJTJCUHU2dUlpcUdlMUxWNFdGTFIlMkJEJTJCbTMlMkYlMkJSaXJWSSUyRm9KRFM1Ym5rNTNROG03eSUyRnJIVHExJTJGN0JIUU9LNXB4bzg0TDdHSE1QQ3V2YnpLTjlpU1FqekFScmdyWDhZaHd3Q1NhMFZkdGFKJTJCS2c0VnM1TUxmUlRiSmhqWWdpbDR6aDZyaTBTJTJCV1RDWWNXWjBENmRoMmR2bU50RHZJVkQyUU45QSUzRA&tld=desigual.com&dy=1&fu=https%253A%252F%252Fwww.desigual.com%252Fen_US%252F&pu=https%253A%252F%252Fwww.desigual.com%252Fen_US%252Fnew%252Fdesigual%252Flanding%252F&ceid=c36bb254-cbb0-4c0f-8a82-2d9f8fc8dba4&dtycbr=28731:3
03:21:56.853 event?a=94689&v=5.23.0&otl=1&p0=e%3Dce%26m%3D%255Bc47c308487b371f08d0f413b062eeb5e8888e05aa545f52b634668e4945ba910%255D%26h%3Dsha256&p1=e%3Dexd%26site_type%3Dd%26z%3D&p2=e%3Dvpg&p3=e%3Ddis&adce=1&bundle=KuMjzF9xUVhxTjlmYmhiJTJCUHU2dUlpcUdlMUxWNFdGTFIlMkJEJTJCbTMlMkYlMkJSaXJWSSUyRm9KRFM1Ym5rNTNROG03eSUyRnJIVHExJTJGN0JIUU9LNXB4bzg0TDdHSE1QQ3V2YnpLTjlpU1FqekFScmdyWDhZaHd3Q1NhMFZkdGFKJTJCS2c0VnM1TUxmUlRiSmhqWWdpbDR6aDZyaTBTJTJCV1RDWWNXWjBENmRoMmR2bU50RHZJVkQyUU45QSUzRA&tld=desigual.com&dy=1&fu=https%253A%252F%252Fwww.desigual.com%252Fen_US%252F&pu=https%253A%252F%252Fwww.desigual.com%252Fen_US%252Fnew%252Fdesigual%252Flanding%252F&ceid=9863e73e-c987-4e57-bc4f-d0956e0a658b&dtycbr=53549:1 An iframe which has both allow-scripts and allow-same-origin for its sandbox attribute can escape its sandboxing.
callDisInternal @ event?a=94689&v=5.23.0&otl=1&p0=e%3Dce%26m%3D%255Bc47c308487b371f08d0f413b062eeb5e8888e05aa545f52b634668e4945ba910%255D%26h%3Dsha256&p1=e%3Dexd%26site_type%3Dd%26z%3D&p2=e%3Dvpg&p3=e%3Ddis&adce=1&bundle=KuMjzF9xUVhxTjlmYmhiJTJCUHU2dUlpcUdlMUxWNFdGTFIlMkJEJTJCbTMlMkYlMkJSaXJWSSUyRm9KRFM1Ym5rNTNROG03eSUyRnJIVHExJTJGN0JIUU9LNXB4bzg0TDdHSE1QQ3V2YnpLTjlpU1FqekFScmdyWDhZaHd3Q1NhMFZkdGFKJTJCS2c0VnM1TUxmUlRiSmhqWWdpbDR6aDZyaTBTJTJCV1RDWWNXWjBENmRoMmR2bU50RHZJVkQyUU45QSUzRA&tld=desigual.com&dy=1&fu=https%253A%252F%252Fwww.desigual.com%252Fen_US%252F&pu=https%253A%252F%252Fwww.desigual.com%252Fen_US%252Fnew%252Fdesigual%252Flanding%252F&ceid=9863e73e-c987-4e57-bc4f-d0956e0a658b&dtycbr=53549:1
c @ event?a=94689&v=5.23.0&otl=1&p0=e%3Dce%26m%3D%255Bc47c308487b371f08d0f413b062eeb5e8888e05aa545f52b634668e4945ba910%255D%26h%3Dsha256&p1=e%3Dexd%26site_type%3Dd%26z%3D&p2=e%3Dvpg&p3=e%3Ddis&adce=1&bundle=KuMjzF9xUVhxTjlmYmhiJTJCUHU2dUlpcUdlMUxWNFdGTFIlMkJEJTJCbTMlMkYlMkJSaXJWSSUyRm9KRFM1Ym5rNTNROG03eSUyRnJIVHExJTJGN0JIUU9LNXB4bzg0TDdHSE1QQ3V2YnpLTjlpU1FqekFScmdyWDhZaHd3Q1NhMFZkdGFKJTJCS2c0VnM1TUxmUlRiSmhqWWdpbDR6aDZyaTBTJTJCV1RDWWNXWjBENmRoMmR2bU50RHZJVkQyUU45QSUzRA&tld=desigual.com&dy=1&fu=https%253A%252F%252Fwww.desigual.com%252Fen_US%252F&pu=https%253A%252F%252Fwww.desigual.com%252Fen_US%252Fnew%252Fdesigual%252Flanding%252F&ceid=9863e73e-c987-4e57-bc4f-d0956e0a658b&dtycbr=53549:1
load (async)
callDis @ event?a=94689&v=5.23.0&otl=1&p0=e%3Dce%26m%3D%255Bc47c308487b371f08d0f413b062eeb5e8888e05aa545f52b634668e4945ba910%255D%26h%3Dsha256&p1=e%3Dexd%26site_type%3Dd%26z%3D&p2=e%3Dvpg&p3=e%3Ddis&adce=1&bundle=KuMjzF9xUVhxTjlmYmhiJTJCUHU2dUlpcUdlMUxWNFdGTFIlMkJEJTJCbTMlMkYlMkJSaXJWSSUyRm9KRFM1Ym5rNTNROG03eSUyRnJIVHExJTJGN0JIUU9LNXB4bzg0TDdHSE1QQ3V2YnpLTjlpU1FqekFScmdyWDhZaHd3Q1NhMFZkdGFKJTJCS2c0VnM1TUxmUlRiSmhqWWdpbDR6aDZyaTBTJTJCV1RDWWNXWjBENmRoMmR2bU50RHZJVkQyUU45QSUzRA&tld=desigual.com&dy=1&fu=https%253A%252F%252Fwww.desigual.com%252Fen_US%252F&pu=https%253A%252F%252Fwww.desigual.com%252Fen_US%252Fnew%252Fdesigual%252Flanding%252F&ceid=9863e73e-c987-4e57-bc4f-d0956e0a658b&dtycbr=53549:1
(anonymous) @ event?a=94689&v=5.23.0&otl=1&p0=e%3Dce%26m%3D%255Bc47c308487b371f08d0f413b062eeb5e8888e05aa545f52b634668e4945ba910%255D%26h%3Dsha256&p1=e%3Dexd%26site_type%3Dd%26z%3D&p2=e%3Dvpg&p3=e%3Ddis&adce=1&bundle=KuMjzF9xUVhxTjlmYmhiJTJCUHU2dUlpcUdlMUxWNFdGTFIlMkJEJTJCbTMlMkYlMkJSaXJWSSUyRm9KRFM1Ym5rNTNROG03eSUyRnJIVHExJTJGN0JIUU9LNXB4bzg0TDdHSE1QQ3V2YnpLTjlpU1FqekFScmdyWDhZaHd3Q1NhMFZkdGFKJTJCS2c0VnM1TUxmUlRiSmhqWWdpbDR6aDZyaTBTJTJCV1RDWWNXWjBENmRoMmR2bU50RHZJVkQyUU45QSUzRA&tld=desigual.com&dy=1&fu=https%253A%252F%252Fwww.desigual.com%252Fen_US%252F&pu=https%253A%252F%252Fwww.desigual.com%252Fen_US%252Fnew%252Fdesigual%252Flanding%252F&ceid=9863e73e-c987-4e57-bc4f-d0956e0a658b&dtycbr=53549:2
(anonymous) @ event?a=94689&v=5.23.0&otl=1&p0=e%3Dce%26m%3D%255Bc47c308487b371f08d0f413b062eeb5e8888e05aa545f52b634668e4945ba910%255D%26h%3Dsha256&p1=e%3Dexd%26site_type%3Dd%26z%3D&p2=e%3Dvpg&p3=e%3Ddis&adce=1&bundle=KuMjzF9xUVhxTjlmYmhiJTJCUHU2dUlpcUdlMUxWNFdGTFIlMkJEJTJCbTMlMkYlMkJSaXJWSSUyRm9KRFM1Ym5rNTNROG03eSUyRnJIVHExJTJGN0JIUU9LNXB4bzg0TDdHSE1QQ3V2YnpLTjlpU1FqekFScmdyWDhZaHd3Q1NhMFZkdGFKJTJCS2c0VnM1TUxmUlRiSmhqWWdpbDR6aDZyaTBTJTJCV1RDWWNXWjBENmRoMmR2bU50RHZJVkQyUU45QSUzRA&tld=desigual.com&dy=1&fu=https%253A%252F%252Fwww.desigual.com%252Fen_US%252F&pu=https%253A%252F%252Fwww.desigual.com%252Fen_US%252Fnew%252Fdesigual%252Flanding%252F&ceid=9863e73e-c987-4e57-bc4f-d0956e0a658b&dtycbr=53549:3
03:21:57.017 VM3040 record-api.js:169 root:13
03:21:57.124 record-api.js:169 root:15
03:21:57.232 VM3188 record-api.js:169 root:13:0
03:21:57.392 VM3334 record-api.js:169 root:14
03:21:57.530 VM3480 record-api.js:169 root:14:0
03:21:57.614 record-api.js:30 Received from "root:11" in "root"
03:21:57.618 record-api.js:30 Received from "root:15" in "root"
03:21:57.769 Navigated to https://www.desigual.com/en_US/new/desigual/landing/
03:21:58.524 landing/:1 Access to script at 'https://aacdn.nagich.com/core/4.5.11/accessibility.js' from origin 'https://www.desigual.com' has been blocked by CORS policy: No 'Access-Control-Allow-Origin' header is present on the requested resource.
03:21:58.524 landing/:2492 
        
        
       GET https://aacdn.nagich.com/core/4.5.11/accessibility.js net::ERR_FAILED 403 (Forbidden)
(anonymous) @ landing/:2492
(anonymous) @ landing/:2493
03:21:59.375 Third-party cookie will be blocked. Learn more in the Issues tab.
03:21:59.375 Third-party cookie will be blocked. Learn more in the Issues tab.
03:21:59.375 Third-party cookie will be blocked. Learn more in the Issues tab.
03:21:59.375 Third-party cookie will be blocked. Learn more in the Issues tab.
03:21:59.375 Third-party cookie will be blocked. Learn more in the Issues tab.
03:21:59.375 Third-party cookie will be blocked. Learn more in the Issues tab.
03:21:59.375 Third-party cookie will be blocked. Learn more in the Issues tab.
03:21:59.375 Third-party cookie will be blocked. Learn more in the Issues tab.
03:21:59.375 Third-party cookie will be blocked. Learn more in the Issues tab.
03:21:59.375 Third-party cookie will be blocked. Learn more in the Issues tab.
03:21:59.375 Third-party cookie will be blocked. Learn more in the Issues tab.
03:21:59.375 Third-party cookie will be blocked. Learn more in the Issues tab.
03:21:59.375 Third-party cookie will be blocked. Learn more in the Issues tab.
03:21:59.375 Third-party cookie will be blocked. Learn more in the Issues tab.
03:21:59.375 Third-party cookie will be blocked. Learn more in the Issues tab.
03:21:59.375 Third-party cookie will be blocked. Learn more in the Issues tab.
03:21:59.375 Third-party cookie will be blocked. Learn more in the Issues tab.
03:21:59.375 Third-party cookie will be blocked. Learn more in the Issues tab.
03:21:59.375 Third-party cookie will be blocked. Learn more in the Issues tab.
03:21:59.375 Third-party cookie will be blocked. Learn more in the Issues tab.
03:21:59.375 Third-party cookie will be blocked. Learn more in the Issues tab.
03:21:59.375 Third-party cookie will be blocked. Learn more in the Issues tab.
03:21:59.375 Third-party cookie will be blocked. Learn more in the Issues tab.
03:21:59.375 Third-party cookie will be blocked. Learn more in the Issues tab.
03:21:59.375 Third-party cookie will be blocked. Learn more in the Issues tab.
03:21:59.375 Third-party cookie will be blocked. Learn more in the Issues tab.
03:21:59.375 Third-party cookie will be blocked. Learn more in the Issues tab.
03:21:59.375 Third-party cookie will be blocked. Learn more in the Issues tab.
03:21:59.375 Third-party cookie will be blocked. Learn more in the Issues tab.
03:21:59.375 Third-party cookie will be blocked. Learn more in the Issues tab.
03:21:59.375 Third-party cookie will be blocked. Learn more in the Issues tab.
03:21:59.375 Third-party cookie will be blocked. Learn more in the Issues tab.
03:21:59.375 Third-party cookie will be blocked. Learn more in the Issues tab.
03:21:59.375 Third-party cookie will be blocked. Learn more in the Issues tab.
03:21:59.375 Third-party cookie will be blocked. Learn more in the Issues tab.
03:21:59.375 Third-party cookie will be blocked. Learn more in the Issues tab.
03:21:59.375 Third-party cookie will be blocked. Learn more in the Issues tab.
03:21:59.375 Third-party cookie will be blocked. Learn more in the Issues tab.
03:21:59.375 Third-party cookie will be blocked. Learn more in the Issues tab.
03:21:59.375 Third-party cookie will be blocked. Learn more in the Issues tab.
03:21:59.375 Third-party cookie will be blocked. Learn more in the Issues tab.
03:21:59.375 Third-party cookie will be blocked. Learn more in the Issues tab.
03:21:59.375 Third-party cookie will be blocked. Learn more in the Issues tab.
03:21:59.375 Third-party cookie will be blocked. Learn more in the Issues tab.
03:21:59.375 Third-party cookie will be blocked. Learn more in the Issues tab.
03:21:59.375 Third-party cookie will be blocked. Learn more in the Issues tab.
03:21:59.375 Third-party cookie will be blocked. Learn more in the Issues tab.
03:21:59.375 Third-party cookie will be blocked. Learn more in the Issues tab.
03:21:59.375 Third-party cookie will be blocked. Learn more in the Issues tab.
03:21:59.375 Third-party cookie will be blocked. Learn more in the Issues tab.
03:21:59.375 Third-party cookie will be blocked. Learn more in the Issues tab.
03:21:59.375 Third-party cookie will be blocked. Learn more in the Issues tab.
03:21:59.375 Third-party cookie will be blocked. Learn more in the Issues tab.
03:21:59.375 Third-party cookie will be blocked. Learn more in the Issues tab.
03:21:59.375 Third-party cookie will be blocked. Learn more in the Issues tab.
03:21:59.375 Third-party cookie will be blocked. Learn more in the Issues tab.
03:21:59.375 Third-party cookie will be blocked. Learn more in the Issues tab.
03:21:59.375 Third-party cookie will be blocked. Learn more in the Issues tab.
03:21:59.375 Third-party cookie will be blocked. Learn more in the Issues tab.
03:21:59.375 Third-party cookie will be blocked. Learn more in the Issues tab.
03:21:59.375 Third-party cookie will be blocked. Learn more in the Issues tab.
03:21:59.375 Third-party cookie will be blocked. Learn more in the Issues tab.
03:21:59.375 Third-party cookie will be blocked. Learn more in the Issues tab.
03:21:59.375 Third-party cookie will be blocked. Learn more in the Issues tab.
03:21:59.375 Third-party cookie will be blocked. Learn more in the Issues tab.
03:21:59.375 Third-party cookie will be blocked. Learn more in the Issues tab.
03:21:59.375 Third-party cookie will be blocked. Learn more in the Issues tab.
03:21:59.375 Third-party cookie will be blocked. Learn more in the Issues tab.
03:21:59.375 Third-party cookie will be blocked. Learn more in the Issues tab.
03:21:59.375 Third-party cookie will be blocked. Learn more in the Issues tab.
03:21:59.375 Third-party cookie will be blocked. Learn more in the Issues tab.
03:21:59.375 Third-party cookie will be blocked. Learn more in the Issues tab.
03:21:59.375 Third-party cookie will be blocked. Learn more in the Issues tab.
03:21:59.375 Third-party cookie will be blocked. Learn more in the Issues tab.
03:21:59.375 Third-party cookie will be blocked. Learn more in the Issues tab.
03:21:59.375 Third-party cookie will be blocked. Learn more in the Issues tab.
03:21:59.375 Third-party cookie will be blocked. Learn more in the Issues tab.
03:21:59.375 Third-party cookie will be blocked. Learn more in the Issues tab.
03:21:59.375 Third-party cookie will be blocked. Learn more in the Issues tab.
03:21:59.375 Third-party cookie will be blocked. Learn more in the Issues tab.
03:21:59.375 Third-party cookie will be blocked. Learn more in the Issues tab.
03:21:59.375 Third-party cookie will be blocked. Learn more in the Issues tab.
03:21:59.375 Third-party cookie will be blocked. Learn more in the Issues tab.
03:21:59.375 Third-party cookie will be blocked. Learn more in the Issues tab.
03:21:59.375 Third-party cookie will be blocked. Learn more in the Issues tab.
03:21:59.375 Third-party cookie will be blocked. Learn more in the Issues tab.
03:21:59.375 Third-party cookie will be blocked. Learn more in the Issues tab.
03:21:59.375 Third-party cookie will be blocked. Learn more in the Issues tab.
03:21:59.375 Third-party cookie will be blocked. Learn more in the Issues tab.
03:21:59.375 Third-party cookie will be blocked. Learn more in the Issues tab.
03:21:59.375 Third-party cookie will be blocked. Learn more in the Issues tab.
03:21:59.375 Third-party cookie will be blocked. Learn more in the Issues tab.
03:21:59.375 Third-party cookie will be blocked. Learn more in the Issues tab.
03:21:59.375 Third-party cookie will be blocked. Learn more in the Issues tab.
03:21:59.375 Third-party cookie will be blocked. Learn more in the Issues tab.
03:21:59.375 Third-party cookie will be blocked. Learn more in the Issues tab.
03:21:59.375 Third-party cookie will be blocked. Learn more in the Issues tab.
03:21:59.375 Third-party cookie will be blocked. Learn more in the Issues tab.
03:21:59.375 Third-party cookie will be blocked. Learn more in the Issues tab.
03:21:59.375 Third-party cookie will be blocked. Learn more in the Issues tab.
03:21:59.375 Third-party cookie will be blocked. Learn more in the Issues tab.
03:21:59.375 Third-party cookie will be blocked. Learn more in the Issues tab.
03:21:59.375 Third-party cookie will be blocked. Learn more in the Issues tab.
03:21:59.375 Third-party cookie will be blocked. Learn more in the Issues tab.
03:21:59.375 Third-party cookie will be blocked. Learn more in the Issues tab.
03:21:59.375 Third-party cookie will be blocked. Learn more in the Issues tab.
03:21:59.375 Third-party cookie will be blocked. Learn more in the Issues tab.
03:21:59.375 Third-party cookie will be blocked. Learn more in the Issues tab.
03:21:59.375 Third-party cookie will be blocked. Learn more in the Issues tab.
03:21:59.375 Third-party cookie will be blocked. Learn more in the Issues tab.
03:21:59.375 Third-party cookie will be blocked. Learn more in the Issues tab.
03:21:59.375 Third-party cookie will be blocked. Learn more in the Issues tab.
03:21:59.375 Third-party cookie will be blocked. Learn more in the Issues tab.
03:21:59.375 Third-party cookie will be blocked. Learn more in the Issues tab.
03:21:59.375 Third-party cookie will be blocked. Learn more in the Issues tab.
03:21:59.375 Third-party cookie will be blocked. Learn more in the Issues tab.
03:21:59.375 Third-party cookie will be blocked. Learn more in the Issues tab.
03:21:59.375 Third-party cookie will be blocked. Learn more in the Issues tab.
03:21:59.375 Third-party cookie will be blocked. Learn more in the Issues tab.
03:21:59.375 Third-party cookie will be blocked. Learn more in the Issues tab.
03:21:59.375 Third-party cookie will be blocked. Learn more in the Issues tab.
03:21:59.375 Third-party cookie will be blocked. Learn more in the Issues tab.
03:21:59.375 Third-party cookie will be blocked. Learn more in the Issues tab.
03:21:59.375 Third-party cookie will be blocked. Learn more in the Issues tab.
03:21:59.375 Third-party cookie will be blocked. Learn more in the Issues tab.
03:21:59.375 Third-party cookie will be blocked. Learn more in the Issues tab.
03:21:59.375 Third-party cookie will be blocked. Learn more in the Issues tab.
03:21:59.375 Third-party cookie will be blocked. Learn more in the Issues tab.
03:21:59.375 Third-party cookie will be blocked. Learn more in the Issues tab.
03:21:59.375 Third-party cookie will be blocked. Learn more in the Issues tab.
03:21:59.375 Third-party cookie will be blocked. Learn more in the Issues tab.
03:21:59.375 Third-party cookie will be blocked. Learn more in the Issues tab.
03:21:59.375 Third-party cookie will be blocked. Learn more in the Issues tab.
03:21:59.375 Third-party cookie will be blocked. Learn more in the Issues tab.
03:21:59.375 Third-party cookie will be blocked. Learn more in the Issues tab.
03:21:59.375 Third-party cookie will be blocked. Learn more in the Issues tab.
03:21:59.375 Third-party cookie will be blocked. Learn more in the Issues tab.
03:21:59.375 Third-party cookie will be blocked. Learn more in the Issues tab.
03:21:59.375 Third-party cookie will be blocked. Learn more in the Issues tab.
03:21:59.375 Third-party cookie will be blocked. Learn more in the Issues tab.
03:21:59.375 Third-party cookie will be blocked. Learn more in the Issues tab.
03:21:59.375 Third-party cookie will be blocked. Learn more in the Issues tab.
03:21:59.375 Third-party cookie will be blocked. Learn more in the Issues tab.
03:21:59.375 Third-party cookie will be blocked. Learn more in the Issues tab.
03:21:59.375 Third-party cookie will be blocked. Learn more in the Issues tab.
03:21:59.375 Third-party cookie will be blocked. Learn more in the Issues tab.
03:21:59.375 Third-party cookie will be blocked. Learn more in the Issues tab.
03:21:59.375 Third-party cookie will be blocked. Learn more in the Issues tab.
03:21:59.375 Third-party cookie will be blocked. Learn more in the Issues tab.
03:21:59.375 Third-party cookie will be blocked. Learn more in the Issues tab.
03:21:59.375 Third-party cookie will be blocked. Learn more in the Issues tab.
03:21:59.375 Third-party cookie will be blocked. Learn more in the Issues tab.
03:21:59.375 Third-party cookie will be blocked. Learn more in the Issues tab.
03:21:59.375 Third-party cookie will be blocked. Learn more in the Issues tab.
03:21:59.375 Third-party cookie will be blocked. Learn more in the Issues tab.
03:21:59.375 Third-party cookie will be blocked. Learn more in the Issues tab.
03:21:59.375 Third-party cookie will be blocked. Learn more in the Issues tab.
03:21:59.375 Third-party cookie will be blocked. Learn more in the Issues tab.
03:21:59.375 Third-party cookie will be blocked. Learn more in the Issues tab.
03:21:59.375 Third-party cookie will be blocked. Learn more in the Issues tab.
03:21:59.375 Third-party cookie will be blocked. Learn more in the Issues tab.
03:21:59.375 Third-party cookie will be blocked. Learn more in the Issues tab.
03:21:59.375 Third-party cookie will be blocked. Learn more in the Issues tab.
03:21:59.375 Third-party cookie will be blocked. Learn more in the Issues tab.
03:21:59.375 Third-party cookie will be blocked. Learn more in the Issues tab.
03:21:59.375 Third-party cookie will be blocked. Learn more in the Issues tab.
03:21:59.375 Third-party cookie will be blocked. Learn more in the Issues tab.
03:21:59.375 Third-party cookie will be blocked. Learn more in the Issues tab.
03:21:59.375 Third-party cookie will be blocked. Learn more in the Issues tab.
03:21:59.375 Third-party cookie will be blocked. Learn more in the Issues tab.
03:21:59.375 Third-party cookie will be blocked. Learn more in the Issues tab.
03:21:59.375 Third-party cookie will be blocked. Learn more in the Issues tab.
03:21:59.375 Third-party cookie will be blocked. Learn more in the Issues tab.
03:21:59.375 Third-party cookie will be blocked. Learn more in the Issues tab.
03:21:59.375 Third-party cookie will be blocked. Learn more in the Issues tab.
03:21:59.375 Third-party cookie will be blocked. Learn more in the Issues tab.
03:21:59.375 Third-party cookie will be blocked. Learn more in the Issues tab.
03:21:59.375 Third-party cookie will be blocked. Learn more in the Issues tab.
03:21:59.375 Third-party cookie will be blocked. Learn more in the Issues tab.
03:21:59.375 Third-party cookie will be blocked. Learn more in the Issues tab.
03:21:59.375 Third-party cookie will be blocked. Learn more in the Issues tab.
03:21:59.375 Third-party cookie will be blocked. Learn more in the Issues tab.
03:21:59.375 Third-party cookie will be blocked. Learn more in the Issues tab.
03:21:59.375 Third-party cookie will be blocked. Learn more in the Issues tab.
03:21:59.375 Third-party cookie will be blocked. Learn more in the Issues tab.
03:21:59.375 Third-party cookie will be blocked. Learn more in the Issues tab.
03:21:59.375 Third-party cookie will be blocked. Learn more in the Issues tab.
03:21:59.375 Third-party cookie will be blocked. Learn more in the Issues tab.
03:21:59.375 Third-party cookie will be blocked. Learn more in the Issues tab.
03:21:59.375 Third-party cookie will be blocked. Learn more in the Issues tab.
03:21:59.375 Third-party cookie will be blocked. Learn more in the Issues tab.
03:21:59.375 Third-party cookie will be blocked. Learn more in the Issues tab.
03:21:59.375 Third-party cookie will be blocked. Learn more in the Issues tab.
03:21:59.375 Third-party cookie will be blocked. Learn more in the Issues tab.
03:21:59.375 Third-party cookie will be blocked. Learn more in the Issues tab.
03:21:59.375 Third-party cookie will be blocked. Learn more in the Issues tab.
03:21:59.375 Third-party cookie will be blocked. Learn more in the Issues tab.
03:21:59.375 Third-party cookie will be blocked. Learn more in the Issues tab.
03:21:59.375 Third-party cookie will be blocked. Learn more in the Issues tab.
03:21:59.375 Third-party cookie will be blocked. Learn more in the Issues tab.
03:21:59.375 Third-party cookie will be blocked. Learn more in the Issues tab.
03:21:59.375 Third-party cookie will be blocked. Learn more in the Issues tab.
03:21:59.375 Third-party cookie will be blocked. Learn more in the Issues tab.
03:21:59.375 Third-party cookie will be blocked. Learn more in the Issues tab.
03:21:59.375 Third-party cookie will be blocked. Learn more in the Issues tab.
03:21:59.375 Third-party cookie will be blocked. Learn more in the Issues tab.
03:21:59.375 Third-party cookie will be blocked. Learn more in the Issues tab.
03:21:59.375 Third-party cookie will be blocked. Learn more in the Issues tab.
03:21:59.375 Third-party cookie will be blocked. Learn more in the Issues tab.
03:21:59.375 Third-party cookie will be blocked. Learn more in the Issues tab.
03:21:59.375 Third-party cookie will be blocked. Learn more in the Issues tab.
03:21:59.375 Third-party cookie will be blocked. Learn more in the Issues tab.
03:21:59.375 Third-party cookie will be blocked. Learn more in the Issues tab.
03:21:59.375 Third-party cookie will be blocked. Learn more in the Issues tab.
03:21:59.375 Third-party cookie will be blocked. Learn more in the Issues tab.
03:21:59.375 Third-party cookie will be blocked. Learn more in the Issues tab.
03:21:59.375 Third-party cookie will be blocked. Learn more in the Issues tab.
03:21:59.375 Third-party cookie will be blocked. Learn more in the Issues tab.
03:21:59.375 Third-party cookie will be blocked. Learn more in the Issues tab.
03:21:59.375 Third-party cookie will be blocked. Learn more in the Issues tab.
03:21:59.375 Third-party cookie will be blocked. Learn more in the Issues tab.
03:21:59.375 Third-party cookie will be blocked. Learn more in the Issues tab.
03:21:59.375 Third-party cookie will be blocked. Learn more in the Issues tab.
03:21:59.375 Third-party cookie will be blocked. Learn more in the Issues tab.
03:21:59.375 Third-party cookie will be blocked. Learn more in the Issues tab.
03:21:59.375 Third-party cookie will be blocked. Learn more in the Issues tab.
03:21:59.375 Third-party cookie will be blocked. Learn more in the Issues tab.
03:21:59.375 Third-party cookie will be blocked. Learn more in the Issues tab.
03:21:59.375 Third-party cookie will be blocked. Learn more in the Issues tab.
03:21:59.375 Third-party cookie will be blocked. Learn more in the Issues tab.
03:21:59.375 Third-party cookie will be blocked. Learn more in the Issues tab.
03:21:59.375 Third-party cookie will be blocked. Learn more in the Issues tab.
03:21:59.375 Third-party cookie will be blocked. Learn more in the Issues tab.
03:21:59.375 Third-party cookie will be blocked. Learn more in the Issues tab.
03:21:59.375 Third-party cookie will be blocked. Learn more in the Issues tab.
03:21:59.375 Third-party cookie will be blocked. Learn more in the Issues tab.
03:21:59.375 Third-party cookie will be blocked. Learn more in the Issues tab.
03:21:59.375 Third-party cookie will be blocked. Learn more in the Issues tab.
03:21:59.375 Third-party cookie will be blocked. Learn more in the Issues tab.
03:21:59.375 Third-party cookie will be blocked. Learn more in the Issues tab.
03:21:59.375 Third-party cookie will be blocked. Learn more in the Issues tab.
03:21:59.375 Third-party cookie will be blocked. Learn more in the Issues tab.
03:21:59.375 Third-party cookie will be blocked. Learn more in the Issues tab.
03:21:59.375 Third-party cookie will be blocked. Learn more in the Issues tab.
03:21:59.375 Third-party cookie will be blocked. Learn more in the Issues tab.
03:21:59.375 Third-party cookie will be blocked. Learn more in the Issues tab.
03:21:59.375 Third-party cookie will be blocked. Learn more in the Issues tab.
03:21:59.375 Third-party cookie will be blocked. Learn more in the Issues tab.
03:21:59.375 Third-party cookie will be blocked. Learn more in the Issues tab.
03:21:59.375 Third-party cookie will be blocked. Learn more in the Issues tab.
03:21:59.375 Third-party cookie will be blocked. Learn more in the Issues tab.
03:21:59.375 Third-party cookie will be blocked. Learn more in the Issues tab.
03:21:59.375 Third-party cookie will be blocked. Learn more in the Issues tab.
03:21:59.375 Third-party cookie will be blocked. Learn more in the Issues tab.
03:21:59.375 Third-party cookie will be blocked. Learn more in the Issues tab.
03:21:59.375 Third-party cookie will be blocked. Learn more in the Issues tab.
03:21:59.375 Third-party cookie will be blocked. Learn more in the Issues tab.
03:21:59.375 Third-party cookie will be blocked. Learn more in the Issues tab.
03:21:59.375 Third-party cookie will be blocked. Learn more in the Issues tab.
03:21:59.375 Third-party cookie will be blocked. Learn more in the Issues tab.
03:21:59.375 Third-party cookie will be blocked. Learn more in the Issues tab.
03:21:59.375 Third-party cookie will be blocked. Learn more in the Issues tab.
03:21:59.375 Third-party cookie will be blocked. Learn more in the Issues tab.
03:21:59.375 Third-party cookie will be blocked. Learn more in the Issues tab.
03:21:59.375 Third-party cookie will be blocked. Learn more in the Issues tab.
03:21:59.375 Third-party cookie will be blocked. Learn more in the Issues tab.
03:21:59.375 Third-party cookie will be blocked. Learn more in the Issues tab.
03:21:59.375 Third-party cookie will be blocked. Learn more in the Issues tab.
03:21:59.375 Third-party cookie will be blocked. Learn more in the Issues tab.
03:21:59.375 Third-party cookie will be blocked. Learn more in the Issues tab.
03:21:59.375 Third-party cookie will be blocked. Learn more in the Issues tab.
03:21:59.375 Third-party cookie will be blocked. Learn more in the Issues tab.
03:21:59.375 Third-party cookie will be blocked. Learn more in the Issues tab.
03:21:59.375 Third-party cookie will be blocked. Learn more in the Issues tab.
03:21:59.375 Third-party cookie will be blocked. Learn more in the Issues tab.
03:21:59.375 Third-party cookie will be blocked. Learn more in the Issues tab.
03:21:59.375 Third-party cookie will be blocked. Learn more in the Issues tab.
03:21:59.375 Third-party cookie will be blocked. Learn more in the Issues tab.
03:21:59.375 Third-party cookie will be blocked. Learn more in the Issues tab.
03:21:59.375 Third-party cookie will be blocked. Learn more in the Issues tab.
03:21:59.375 Third-party cookie will be blocked. Learn more in the Issues tab.
03:21:59.375 Third-party cookie will be blocked. Learn more in the Issues tab.
03:21:59.375 Third-party cookie will be blocked. Learn more in the Issues tab.
03:21:59.375 Third-party cookie will be blocked. Learn more in the Issues tab.
03:21:59.375 Third-party cookie will be blocked. Learn more in the Issues tab.
03:21:59.375 Third-party cookie will be blocked. Learn more in the Issues tab.
03:21:59.375 Third-party cookie will be blocked. Learn more in the Issues tab.
03:21:59.375 Third-party cookie will be blocked. Learn more in the Issues tab.
03:21:59.375 Third-party cookie will be blocked. Learn more in the Issues tab.
03:21:59.375 Third-party cookie will be blocked. Learn more in the Issues tab.
03:21:59.375 Third-party cookie will be blocked. Learn more in the Issues tab.
03:21:59.375 Third-party cookie will be blocked. Learn more in the Issues tab.
03:21:59.375 Third-party cookie will be blocked. Learn more in the Issues tab.
03:21:59.375 Third-party cookie will be blocked. Learn more in the Issues tab.
03:21:59.375 Third-party cookie will be blocked. Learn more in the Issues tab.
03:21:59.375 Third-party cookie will be blocked. Learn more in the Issues tab.
03:21:59.375 Third-party cookie will be blocked. Learn more in the Issues tab.
03:21:59.375 Third-party cookie will be blocked. Learn more in the Issues tab.
03:21:59.375 Third-party cookie will be blocked. Learn more in the Issues tab.
03:21:59.375 Third-party cookie will be blocked. Learn more in the Issues tab.
03:21:59.375 Third-party cookie will be blocked. Learn more in the Issues tab.
03:21:59.375 Third-party cookie will be blocked. Learn more in the Issues tab.
03:21:59.375 Third-party cookie will be blocked. Learn more in the Issues tab.
03:21:59.375 Third-party cookie will be blocked. Learn more in the Issues tab.
03:21:59.375 Third-party cookie will be blocked. Learn more in the Issues tab.
03:21:59.375 Third-party cookie will be blocked. Learn more in the Issues tab.
03:21:59.375 Third-party cookie will be blocked. Learn more in the Issues tab.
03:21:59.375 Third-party cookie will be blocked. Learn more in the Issues tab.
03:21:59.375 Third-party cookie will be blocked. Learn more in the Issues tab.
03:21:59.375 Third-party cookie will be blocked. Learn more in the Issues tab.
03:21:59.375 Third-party cookie will be blocked. Learn more in the Issues tab.
03:21:59.375 Third-party cookie will be blocked. Learn more in the Issues tab.
03:21:59.375 Third-party cookie will be blocked. Learn more in the Issues tab.
03:21:59.375 Third-party cookie will be blocked. Learn more in the Issues tab.
03:21:59.375 Third-party cookie will be blocked. Learn more in the Issues tab.
03:21:59.375 Third-party cookie will be blocked. Learn more in the Issues tab.
03:21:59.375 Third-party cookie will be blocked. Learn more in the Issues tab.
03:21:59.375 Third-party cookie will be blocked. Learn more in the Issues tab.
03:21:59.375 Third-party cookie will be blocked. Learn more in the Issues tab.
03:21:59.375 Third-party cookie will be blocked. Learn more in the Issues tab.
03:21:59.375 Third-party cookie will be blocked. Learn more in the Issues tab.
03:21:59.375 Third-party cookie will be blocked. Learn more in the Issues tab.
03:21:59.375 Third-party cookie will be blocked. Learn more in the Issues tab.
03:21:59.375 Third-party cookie will be blocked. Learn more in the Issues tab.
03:21:59.375 Third-party cookie will be blocked. Learn more in the Issues tab.
03:21:59.375 Third-party cookie will be blocked. Learn more in the Issues tab.
03:21:59.375 Third-party cookie will be blocked. Learn more in the Issues tab.
03:21:59.375 Third-party cookie will be blocked. Learn more in the Issues tab.
03:21:59.375 Third-party cookie will be blocked. Learn more in the Issues tab.
03:21:59.375 Third-party cookie will be blocked. Learn more in the Issues tab.
03:21:59.375 Third-party cookie will be blocked. Learn more in the Issues tab.
03:21:59.375 Third-party cookie will be blocked. Learn more in the Issues tab.
03:21:59.375 Third-party cookie will be blocked. Learn more in the Issues tab.
03:21:59.375 Third-party cookie will be blocked. Learn more in the Issues tab.
03:21:59.375 Third-party cookie will be blocked. Learn more in the Issues tab.
03:21:59.375 Third-party cookie will be blocked. Learn more in the Issues tab.
03:21:59.375 Third-party cookie will be blocked. Learn more in the Issues tab.
03:21:59.375 Third-party cookie will be blocked. Learn more in the Issues tab.
03:21:59.375 Third-party cookie will be blocked. Learn more in the Issues tab.
03:21:59.375 Third-party cookie will be blocked. Learn more in the Issues tab.
03:21:59.375 Third-party cookie will be blocked. Learn more in the Issues tab.
03:21:59.375 Third-party cookie will be blocked. Learn more in the Issues tab.
03:21:59.375 Third-party cookie will be blocked. Learn more in the Issues tab.
03:21:59.375 Third-party cookie will be blocked. Learn more in the Issues tab.
03:21:59.375 Third-party cookie will be blocked. Learn more in the Issues tab.
03:21:59.375 Third-party cookie will be blocked. Learn more in the Issues tab.
03:21:59.375 Third-party cookie will be blocked. Learn more in the Issues tab.
03:21:59.375 Third-party cookie will be blocked. Learn more in the Issues tab.
03:21:59.375 Third-party cookie will be blocked. Learn more in the Issues tab.
03:21:59.375 Third-party cookie will be blocked. Learn more in the Issues tab.
03:21:59.375 Third-party cookie will be blocked. Learn more in the Issues tab.
03:21:59.375 Third-party cookie will be blocked. Learn more in the Issues tab.
03:21:59.375 Third-party cookie will be blocked. Learn more in the Issues tab.
03:21:59.375 Third-party cookie will be blocked. Learn more in the Issues tab.
03:21:59.375 Third-party cookie will be blocked. Learn more in the Issues tab.
03:21:59.375 Third-party cookie will be blocked. Learn more in the Issues tab.
03:21:59.375 Third-party cookie will be blocked. Learn more in the Issues tab.
03:21:59.375 Third-party cookie will be blocked. Learn more in the Issues tab.
03:21:59.375 Third-party cookie will be blocked. Learn more in the Issues tab.
03:21:59.375 Third-party cookie will be blocked. Learn more in the Issues tab.
03:21:59.375 Third-party cookie will be blocked. Learn more in the Issues tab.
03:21:59.375 Third-party cookie will be blocked. Learn more in the Issues tab.
03:21:59.375 Third-party cookie will be blocked. Learn more in the Issues tab.
03:21:59.375 Third-party cookie will be blocked. Learn more in the Issues tab.
03:21:59.375 Third-party cookie will be blocked. Learn more in the Issues tab.
03:21:59.375 Third-party cookie will be blocked. Learn more in the Issues tab.
03:21:59.375 Third-party cookie will be blocked. Learn more in the Issues tab.
03:21:59.375 Third-party cookie will be blocked. Learn more in the Issues tab.
03:21:59.375 Third-party cookie will be blocked. Learn more in the Issues tab.
03:21:59.375 Third-party cookie will be blocked. Learn more in the Issues tab.
03:21:59.375 Third-party cookie will be blocked. Learn more in the Issues tab.
03:21:59.375 Third-party cookie will be blocked. Learn more in the Issues tab.
03:21:59.375 Third-party cookie will be blocked. Learn more in the Issues tab.
03:21:59.375 Third-party cookie will be blocked. Learn more in the Issues tab.
03:21:59.375 Third-party cookie will be blocked. Learn more in the Issues tab.
03:21:59.375 Third-party cookie will be blocked. Learn more in the Issues tab.
03:21:59.375 Third-party cookie will be blocked. Learn more in the Issues tab.
03:21:59.375 Third-party cookie will be blocked. Learn more in the Issues tab.
03:21:59.375 Third-party cookie will be blocked. Learn more in the Issues tab.
03:21:59.375 Third-party cookie will be blocked. Learn more in the Issues tab.
03:21:59.375 Third-party cookie will be blocked. Learn more in the Issues tab.
03:21:59.375 Third-party cookie will be blocked. Learn more in the Issues tab.
03:21:59.375 Third-party cookie will be blocked. Learn more in the Issues tab.
03:21:59.375 Third-party cookie will be blocked. Learn more in the Issues tab.
03:21:59.375 Third-party cookie will be blocked. Learn more in the Issues tab.
03:21:59.375 Third-party cookie will be blocked. Learn more in the Issues tab.
03:21:59.375 Third-party cookie will be blocked. Learn more in the Issues tab.
03:21:59.375 Third-party cookie will be blocked. Learn more in the Issues tab.
03:21:59.375 Third-party cookie will be blocked. Learn more in the Issues tab.
03:21:59.375 Third-party cookie will be blocked. Learn more in the Issues tab.
03:21:59.375 Third-party cookie will be blocked. Learn more in the Issues tab.
03:21:58.693 record-api.js:169 root
03:21:59.404 record-api.js:169 root:0
03:21:59.486 landing/:1 Attestation check for Topics on https://www.desigual.com/ failed.
03:21:59.582 record-api.js:169 root:1
03:21:59.747 record-api.js:169 root:2
03:21:59.881 record-api.js:169 root:3
03:22:00.023 record-api.js:169 root:4
03:22:00.256 record-api.js:30 Received from "root:0" in "root"
03:22:00.276 record-api.js:30 Received from "root:1" in "root"
03:22:00.281 record-api.js:30 Received from "root:2" in "root"
03:22:00.293 record-api.js:30 Received from "root:3" in "root"
03:22:00.305 record-api.js:30 Received from "root:4" in "root"
03:22:00.397 record-api.js:66 Received locators in 'root:0' ['id=criteo-syncframe-onetag']
03:22:00.397 record-api.js:71 FrameLocation updated to {location: 'root:0', locators: Array(1)}
03:22:00.502 record-api.js:66 Received locators in 'root:1' ['id=__JSBridgeIframe_1.0__']
03:22:00.502 record-api.js:71 FrameLocation updated to {location: 'root:1', locators: Array(1)}
03:22:00.503 record-api.js:66 Received locators in 'root:2' ['id=__JSBridgeIframe_SetResult_1.0__']
03:22:00.503 record-api.js:71 FrameLocation updated to {location: 'root:2', locators: Array(1)}
03:22:00.677 record-api.js:169 root:6
03:22:00.720 record-api.js:169 root:5
03:22:00.822 record-api.js:66 Received locators in 'root:3' ['id=__JSBridgeIframe__']
03:22:00.822 record-api.js:71 FrameLocation updated to {location: 'root:3', locators: Array(1)}
03:22:00.886 record-api.js:66 Received locators in 'root:4' ['id=__JSBridgeIframe_SetResult__']
03:22:00.886 record-api.js:71 FrameLocation updated to {location: 'root:4', locators: Array(1)}
03:22:00.959 record-api.js:169 root:7
03:22:01.058 record-api.js:30 Received from "root:6" in "root"
03:22:01.062 record-api.js:30 Received from "root:5" in "root"
03:22:01.174 record-api.js:30 Received from "root:7" in "root"
03:22:01.233 record-api.js:66 Received locators in 'root:5' ['css=iframe[title="Criteo Fledge iframe"]']
03:22:01.234 record-api.js:71 FrameLocation updated to {location: 'root:5', locators: Array(1)}
03:22:01.251 record-api.js:66 Received locators in 'root:6' ['css=iframe.ot-text-resize']
03:22:01.251 record-api.js:71 FrameLocation updated to {location: 'root:6', locators: Array(1)}
03:22:01.342 record-api.js:66 Received locators in 'root:7' ['//body/iframe[2]']
03:22:01.342 record-api.js:71 FrameLocation updated to {location: 'root:7', locators: Array(1)}
03:22:02.088 event?a=94689&v=5.23.0&otl=1&p0=e%3Dce%26m%3D%255Bc47c308487b371f08d0f413b062eeb5e8888e05aa545f52b634668e4945ba910%255D%26h%3Dsha256&p1=e%3Dexd%26site_type%3Dd%26z%3D&p2=e%3Dvpg&p3=e%3Ddis&adce=1&bundle=8WNio19xUVhxTjlmYmhiJTJCUHU2dUlpcUdlMUlnZWNOWDRiRjNhRGZkR1dTSFc5V3FaJTJCR2c2M2hBSlM2SDMxdnBDNWJtJTJGSlJQVjRBS01SSjFkdHhtWlRsenVGcjlFQ1NvQ1BFZHRPVXF2NTJIdEFQWSUyRlNGUW05OEZYQzUzN2RCZGhKNENZeGVLRkFLNjA0TG1Ka1I2aEMxcXdlVnhma2RVQnRNTUhjT0J4eSUyRnhnSlRvJTNE&tld=desigual.com&dy=1&fu=https%253A%252F%252Fwww.desigual.com%252Fen_US%252Fnew%252Fdesigual%252Flanding%252F&pu=https%253A%252F%252Fwww.desigual.com%252Fen_US%252F&ceid=0acfd3e9-feb6-4a11-baca-f2c65d456541&dtycbr=16017:1 An iframe which has both allow-scripts and allow-same-origin for its sandbox attribute can escape its sandboxing.
callDisInternal @ event?a=94689&v=5.23.0&otl=1&p0=e%3Dce%26m%3D%255Bc47c308487b371f08d0f413b062eeb5e8888e05aa545f52b634668e4945ba910%255D%26h%3Dsha256&p1=e%3Dexd%26site_type%3Dd%26z%3D&p2=e%3Dvpg&p3=e%3Ddis&adce=1&bundle=8WNio19xUVhxTjlmYmhiJTJCUHU2dUlpcUdlMUlnZWNOWDRiRjNhRGZkR1dTSFc5V3FaJTJCR2c2M2hBSlM2SDMxdnBDNWJtJTJGSlJQVjRBS01SSjFkdHhtWlRsenVGcjlFQ1NvQ1BFZHRPVXF2NTJIdEFQWSUyRlNGUW05OEZYQzUzN2RCZGhKNENZeGVLRkFLNjA0TG1Ka1I2aEMxcXdlVnhma2RVQnRNTUhjT0J4eSUyRnhnSlRvJTNE&tld=desigual.com&dy=1&fu=https%253A%252F%252Fwww.desigual.com%252Fen_US%252Fnew%252Fdesigual%252Flanding%252F&pu=https%253A%252F%252Fwww.desigual.com%252Fen_US%252F&ceid=0acfd3e9-feb6-4a11-baca-f2c65d456541&dtycbr=16017:1
c @ event?a=94689&v=5.23.0&otl=1&p0=e%3Dce%26m%3D%255Bc47c308487b371f08d0f413b062eeb5e8888e05aa545f52b634668e4945ba910%255D%26h%3Dsha256&p1=e%3Dexd%26site_type%3Dd%26z%3D&p2=e%3Dvpg&p3=e%3Ddis&adce=1&bundle=8WNio19xUVhxTjlmYmhiJTJCUHU2dUlpcUdlMUlnZWNOWDRiRjNhRGZkR1dTSFc5V3FaJTJCR2c2M2hBSlM2SDMxdnBDNWJtJTJGSlJQVjRBS01SSjFkdHhtWlRsenVGcjlFQ1NvQ1BFZHRPVXF2NTJIdEFQWSUyRlNGUW05OEZYQzUzN2RCZGhKNENZeGVLRkFLNjA0TG1Ka1I2aEMxcXdlVnhma2RVQnRNTUhjT0J4eSUyRnhnSlRvJTNE&tld=desigual.com&dy=1&fu=https%253A%252F%252Fwww.desigual.com%252Fen_US%252Fnew%252Fdesigual%252Flanding%252F&pu=https%253A%252F%252Fwww.desigual.com%252Fen_US%252F&ceid=0acfd3e9-feb6-4a11-baca-f2c65d456541&dtycbr=16017:1
load (async)
callDis @ event?a=94689&v=5.23.0&otl=1&p0=e%3Dce%26m%3D%255Bc47c308487b371f08d0f413b062eeb5e8888e05aa545f52b634668e4945ba910%255D%26h%3Dsha256&p1=e%3Dexd%26site_type%3Dd%26z%3D&p2=e%3Dvpg&p3=e%3Ddis&adce=1&bundle=8WNio19xUVhxTjlmYmhiJTJCUHU2dUlpcUdlMUlnZWNOWDRiRjNhRGZkR1dTSFc5V3FaJTJCR2c2M2hBSlM2SDMxdnBDNWJtJTJGSlJQVjRBS01SSjFkdHhtWlRsenVGcjlFQ1NvQ1BFZHRPVXF2NTJIdEFQWSUyRlNGUW05OEZYQzUzN2RCZGhKNENZeGVLRkFLNjA0TG1Ka1I2aEMxcXdlVnhma2RVQnRNTUhjT0J4eSUyRnhnSlRvJTNE&tld=desigual.com&dy=1&fu=https%253A%252F%252Fwww.desigual.com%252Fen_US%252Fnew%252Fdesigual%252Flanding%252F&pu=https%253A%252F%252Fwww.desigual.com%252Fen_US%252F&ceid=0acfd3e9-feb6-4a11-baca-f2c65d456541&dtycbr=16017:1
(anonymous) @ event?a=94689&v=5.23.0&otl=1&p0=e%3Dce%26m%3D%255Bc47c308487b371f08d0f413b062eeb5e8888e05aa545f52b634668e4945ba910%255D%26h%3Dsha256&p1=e%3Dexd%26site_type%3Dd%26z%3D&p2=e%3Dvpg&p3=e%3Ddis&adce=1&bundle=8WNio19xUVhxTjlmYmhiJTJCUHU2dUlpcUdlMUlnZWNOWDRiRjNhRGZkR1dTSFc5V3FaJTJCR2c2M2hBSlM2SDMxdnBDNWJtJTJGSlJQVjRBS01SSjFkdHhtWlRsenVGcjlFQ1NvQ1BFZHRPVXF2NTJIdEFQWSUyRlNGUW05OEZYQzUzN2RCZGhKNENZeGVLRkFLNjA0TG1Ka1I2aEMxcXdlVnhma2RVQnRNTUhjT0J4eSUyRnhnSlRvJTNE&tld=desigual.com&dy=1&fu=https%253A%252F%252Fwww.desigual.com%252Fen_US%252Fnew%252Fdesigual%252Flanding%252F&pu=https%253A%252F%252Fwww.desigual.com%252Fen_US%252F&ceid=0acfd3e9-feb6-4a11-baca-f2c65d456541&dtycbr=16017:2
(anonymous) @ event?a=94689&v=5.23.0&otl=1&p0=e%3Dce%26m%3D%255Bc47c308487b371f08d0f413b062eeb5e8888e05aa545f52b634668e4945ba910%255D%26h%3Dsha256&p1=e%3Dexd%26site_type%3Dd%26z%3D&p2=e%3Dvpg&p3=e%3Ddis&adce=1&bundle=8WNio19xUVhxTjlmYmhiJTJCUHU2dUlpcUdlMUlnZWNOWDRiRjNhRGZkR1dTSFc5V3FaJTJCR2c2M2hBSlM2SDMxdnBDNWJtJTJGSlJQVjRBS01SSjFkdHhtWlRsenVGcjlFQ1NvQ1BFZHRPVXF2NTJIdEFQWSUyRlNGUW05OEZYQzUzN2RCZGhKNENZeGVLRkFLNjA0TG1Ka1I2aEMxcXdlVnhma2RVQnRNTUhjT0J4eSUyRnhnSlRvJTNE&tld=desigual.com&dy=1&fu=https%253A%252F%252Fwww.desigual.com%252Fen_US%252Fnew%252Fdesigual%252Flanding%252F&pu=https%253A%252F%252Fwww.desigual.com%252Fen_US%252F&ceid=0acfd3e9-feb6-4a11-baca-f2c65d456541&dtycbr=16017:3
03:22:02.203 record-api.js:169 root:8
03:22:02.369 record-api.js:169 root:8:0
03:22:02.458 record-api.js:30 Received from "root:8" in "root"
03:22:02.506 record-api.js:30 Received from "root:8:0" in "root:8"
03:22:02.534 e1.emxdgt.com/put?d=d53&uid=k-pRY27YPmeK7Iy_uSsTT-C4JP4TB0n4fmwjxuuA:1 
        
        
       GET https://e1.emxdgt.com/put?d=d53&uid=k-pRY27YPmeK7Iy_uSsTT-C4JP4TB0n4fmwjxuuA net::ERR_NAME_NOT_RESOLVED
Image (async)
cto_AI @ VM4715:1
l_i6_1 @ VM4715:1
cto_run @ VM4715:1
document.body.onload @ VM4718:1
load (async)
(anonymous) @ VM4718:1
callDisInternal @ event?a=94689&v=5.23.0&otl=1&p0=e%3Dce%26m%3D%255Bc47c308487b371f08d0f413b062eeb5e8888e05aa545f52b634668e4945ba910%255D%26h%3Dsha256&p1=e%3Dexd%26site_type%3Dd%26z%3D&p2=e%3Dvpg&p3=e%3Ddis&adce=1&bundle=8WNio19xUVhxTjlmYmhiJTJCUHU2dUlpcUdlMUlnZWNOWDRiRjNhRGZkR1dTSFc5V3FaJTJCR2c2M2hBSlM2SDMxdnBDNWJtJTJGSlJQVjRBS01SSjFkdHhtWlRsenVGcjlFQ1NvQ1BFZHRPVXF2NTJIdEFQWSUyRlNGUW05OEZYQzUzN2RCZGhKNENZeGVLRkFLNjA0TG1Ka1I2aEMxcXdlVnhma2RVQnRNTUhjT0J4eSUyRnhnSlRvJTNE&tld=desigual.com&dy=1&fu=https%253A%252F%252Fwww.desigual.com%252Fen_US%252Fnew%252Fdesigual%252Flanding%252F&pu=https%253A%252F%252Fwww.desigual.com%252Fen_US%252F&ceid=0acfd3e9-feb6-4a11-baca-f2c65d456541&dtycbr=16017:1
c @ event?a=94689&v=5.23.0&otl=1&p0=e%3Dce%26m%3D%255Bc47c308487b371f08d0f413b062eeb5e8888e05aa545f52b634668e4945ba910%255D%26h%3Dsha256&p1=e%3Dexd%26site_type%3Dd%26z%3D&p2=e%3Dvpg&p3=e%3Ddis&adce=1&bundle=8WNio19xUVhxTjlmYmhiJTJCUHU2dUlpcUdlMUlnZWNOWDRiRjNhRGZkR1dTSFc5V3FaJTJCR2c2M2hBSlM2SDMxdnBDNWJtJTJGSlJQVjRBS01SSjFkdHhtWlRsenVGcjlFQ1NvQ1BFZHRPVXF2NTJIdEFQWSUyRlNGUW05OEZYQzUzN2RCZGhKNENZeGVLRkFLNjA0TG1Ka1I2aEMxcXdlVnhma2RVQnRNTUhjT0J4eSUyRnhnSlRvJTNE&tld=desigual.com&dy=1&fu=https%253A%252F%252Fwww.desigual.com%252Fen_US%252Fnew%252Fdesigual%252Flanding%252F&pu=https%253A%252F%252Fwww.desigual.com%252Fen_US%252F&ceid=0acfd3e9-feb6-4a11-baca-f2c65d456541&dtycbr=16017:1
load (async)
callDis @ event?a=94689&v=5.23.0&otl=1&p0=e%3Dce%26m%3D%255Bc47c308487b371f08d0f413b062eeb5e8888e05aa545f52b634668e4945ba910%255D%26h%3Dsha256&p1=e%3Dexd%26site_type%3Dd%26z%3D&p2=e%3Dvpg&p3=e%3Ddis&adce=1&bundle=8WNio19xUVhxTjlmYmhiJTJCUHU2dUlpcUdlMUlnZWNOWDRiRjNhRGZkR1dTSFc5V3FaJTJCR2c2M2hBSlM2SDMxdnBDNWJtJTJGSlJQVjRBS01SSjFkdHhtWlRsenVGcjlFQ1NvQ1BFZHRPVXF2NTJIdEFQWSUyRlNGUW05OEZYQzUzN2RCZGhKNENZeGVLRkFLNjA0TG1Ka1I2aEMxcXdlVnhma2RVQnRNTUhjT0J4eSUyRnhnSlRvJTNE&tld=desigual.com&dy=1&fu=https%253A%252F%252Fwww.desigual.com%252Fen_US%252Fnew%252Fdesigual%252Flanding%252F&pu=https%253A%252F%252Fwww.desigual.com%252Fen_US%252F&ceid=0acfd3e9-feb6-4a11-baca-f2c65d456541&dtycbr=16017:1
(anonymous) @ event?a=94689&v=5.23.0&otl=1&p0=e%3Dce%26m%3D%255Bc47c308487b371f08d0f413b062eeb5e8888e05aa545f52b634668e4945ba910%255D%26h%3Dsha256&p1=e%3Dexd%26site_type%3Dd%26z%3D&p2=e%3Dvpg&p3=e%3Ddis&adce=1&bundle=8WNio19xUVhxTjlmYmhiJTJCUHU2dUlpcUdlMUlnZWNOWDRiRjNhRGZkR1dTSFc5V3FaJTJCR2c2M2hBSlM2SDMxdnBDNWJtJTJGSlJQVjRBS01SSjFkdHhtWlRsenVGcjlFQ1NvQ1BFZHRPVXF2NTJIdEFQWSUyRlNGUW05OEZYQzUzN2RCZGhKNENZeGVLRkFLNjA0TG1Ka1I2aEMxcXdlVnhma2RVQnRNTUhjT0J4eSUyRnhnSlRvJTNE&tld=desigual.com&dy=1&fu=https%253A%252F%252Fwww.desigual.com%252Fen_US%252Fnew%252Fdesigual%252Flanding%252F&pu=https%253A%252F%252Fwww.desigual.com%252Fen_US%252F&ceid=0acfd3e9-feb6-4a11-baca-f2c65d456541&dtycbr=16017:2
(anonymous) @ event?a=94689&v=5.23.0&otl=1&p0=e%3Dce%26m%3D%255Bc47c308487b371f08d0f413b062eeb5e8888e05aa545f52b634668e4945ba910%255D%26h%3Dsha256&p1=e%3Dexd%26site_type%3Dd%26z%3D&p2=e%3Dvpg&p3=e%3Ddis&adce=1&bundle=8WNio19xUVhxTjlmYmhiJTJCUHU2dUlpcUdlMUlnZWNOWDRiRjNhRGZkR1dTSFc5V3FaJTJCR2c2M2hBSlM2SDMxdnBDNWJtJTJGSlJQVjRBS01SSjFkdHhtWlRsenVGcjlFQ1NvQ1BFZHRPVXF2NTJIdEFQWSUyRlNGUW05OEZYQzUzN2RCZGhKNENZeGVLRkFLNjA0TG1Ka1I2aEMxcXdlVnhma2RVQnRNTUhjT0J4eSUyRnhnSlRvJTNE&tld=desigual.com&dy=1&fu=https%253A%252F%252Fwww.desigual.com%252Fen_US%252Fnew%252Fdesigual%252Flanding%252F&pu=https%253A%252F%252Fwww.desigual.com%252Fen_US%252F&ceid=0acfd3e9-feb6-4a11-baca-f2c65d456541&dtycbr=16017:3
03:22:02.560 record-api.js:66 Received locators in 'root:8' ['css=iframe[title="Criteo DIS iframe"]']
03:22:02.560 record-api.js:71 FrameLocation updated to {location: 'root:8', locators: Array(1)}
03:22:02.659 record-api.js:66 Received locators in 'root:8:0' (2) ['css=iframe[title="Criteo DIS iframe"]', 'id=cto_sub_ifr_px']
03:22:02.659 record-api.js:71 FrameLocation updated to {location: 'root:8:0', locators: Array(2)}
03:22:03.442 Unchecked runtime.lastError: A listener indicated an asynchronous response by returning true, but the message channel closed before a response was received
03:22:03.442 Unchecked runtime.lastError: A listener indicated an asynchronous response by returning true, but the message channel closed before a response was received
03:22:03.442 Unchecked runtime.lastError: A listener indicated an asynchronous response by returning true, but the message channel closed before a response was received
03:22:03.442 Unchecked runtime.lastError: A listener indicated an asynchronous response by returning true, but the message channel closed before a response was received
03:22:03.442 Unchecked runtime.lastError: A listener indicated an asynchronous response by returning true, but the message channel closed before a response was received
03:22:03.442 Unchecked runtime.lastError: A listener indicated an asynchronous response by returning true, but the message channel closed before a response was received
03:22:03.442 Unchecked runtime.lastError: A listener indicated an asynchronous response by returning true, but the message channel closed before a response was received
03:22:03.442 Unchecked runtime.lastError: A listener indicated an asynchronous response by returning true, but the message channel closed before a response was received
03:22:03.442 Unchecked runtime.lastError: A listener indicated an asynchronous response by returning true, but the message channel closed before a response was received
03:22:03.442 Unchecked runtime.lastError: A listener indicated an asynchronous response by returning true, but the message channel closed before a response was received
03:22:03.442 Unchecked runtime.lastError: A listener indicated an asynchronous response by returning true, but the message channel closed before a response was received
03:22:03.442 Unchecked runtime.lastError: A listener indicated an asynchronous response by returning true, but the message channel closed before a response was received
03:22:03.442 Unchecked runtime.lastError: A listener indicated an asynchronous response by returning true, but the message channel closed before a response was received
03:22:03.442 Unchecked runtime.lastError: A listener indicated an asynchronous response by returning true, but the message channel closed before a response was received
03:22:03.442 Unchecked runtime.lastError: A listener indicated an asynchronous response by returning true, but the message channel closed before a response was received
03:22:03.442 Unchecked runtime.lastError: A listener indicated an asynchronous response by returning true, but the message channel closed before a response was received
03:22:03.442 Unchecked runtime.lastError: A listener indicated an asynchronous response by returning true, but the message channel closed before a response was received
03:22:03.442 Unchecked runtime.lastError: A listener indicated an asynchronous response by returning true, but the message channel closed before a response was received
03:22:03.442 Unchecked runtime.lastError: A listener indicated an asynchronous response by returning true, but the message channel closed before a response was received
03:22:03.442 Unchecked runtime.lastError: A listener indicated an asynchronous response by returning true, but the message channel closed before a response was received
03:22:03.442 Unchecked runtime.lastError: A listener indicated an asynchronous response by returning true, but the message channel closed before a response was received
03:22:03.442 Unchecked runtime.lastError: A listener indicated an asynchronous response by returning true, but the message channel closed before a response was received
03:22:03.442 Unchecked runtime.lastError: A listener indicated an asynchronous response by returning true, but the message channel closed before a response was received
03:22:03.442 Unchecked runtime.lastError: A listener indicated an asynchronous response by returning true, but the message channel closed before a response was received
03:22:03.442 Unchecked runtime.lastError: A listener indicated an asynchronous response by returning true, but the message channel closed before a response was received
03:22:03.442 Unchecked runtime.lastError: A listener indicated an asynchronous response by returning true, but the message channel closed before a response was received
03:22:03.442 Unchecked runtime.lastError: A listener indicated an asynchronous response by returning true, but the message channel closed before a response was received
03:22:03.442 Unchecked runtime.lastError: A listener indicated an asynchronous response by returning true, but the message channel closed before a response was received
03:22:03.442 Unchecked runtime.lastError: A listener indicated an asynchronous response by returning true, but the message channel closed before a response was received
03:22:03.442 Unchecked runtime.lastError: A listener indicated an asynchronous response by returning true, but the message channel closed before a response was received
03:22:03.442 Unchecked runtime.lastError: A listener indicated an asynchronous response by returning true, but the message channel closed before a response was received
03:22:03.442 Unchecked runtime.lastError: A listener indicated an asynchronous response by returning true, but the message channel closed before a response was received
03:22:03.442 Unchecked runtime.lastError: A listener indicated an asynchronous response by returning true, but the message channel closed before a response was received
03:22:03.442 Unchecked runtime.lastError: A listener indicated an asynchronous response by returning true, but the message channel closed before a response was received
03:22:06.138 ads.stickyadstv.com/user-registering?dataProviderId=642&userId=E438A26A-4F3A-42B7-9128-80660C0F5704:1 
        
        
       GET https://ads.stickyadstv.com/user-registering?dataProviderId=642&userId=E438A26A-4F3A-42B7-9128-80660C0F5704 net::ERR_TOO_MANY_REDIRECTS
Image (async)
cto_AI @ VM4715:1
l_i1_1 @ VM4715:1
cto_run @ VM4715:1
document.body.onload @ VM4718:1
load (async)
(anonymous) @ VM4718:1
callDisInternal @ event?a=94689&v=5.23.0&otl=1&p0=e%3Dce%26m%3D%255Bc47c308487b371f08d0f413b062eeb5e8888e05aa545f52b634668e4945ba910%255D%26h%3Dsha256&p1=e%3Dexd%26site_type%3Dd%26z%3D&p2=e%3Dvpg&p3=e%3Ddis&adce=1&bundle=8WNio19xUVhxTjlmYmhiJTJCUHU2dUlpcUdlMUlnZWNOWDRiRjNhRGZkR1dTSFc5V3FaJTJCR2c2M2hBSlM2SDMxdnBDNWJtJTJGSlJQVjRBS01SSjFkdHhtWlRsenVGcjlFQ1NvQ1BFZHRPVXF2NTJIdEFQWSUyRlNGUW05OEZYQzUzN2RCZGhKNENZeGVLRkFLNjA0TG1Ka1I2aEMxcXdlVnhma2RVQnRNTUhjT0J4eSUyRnhnSlRvJTNE&tld=desigual.com&dy=1&fu=https%253A%252F%252Fwww.desigual.com%252Fen_US%252Fnew%252Fdesigual%252Flanding%252F&pu=https%253A%252F%252Fwww.desigual.com%252Fen_US%252F&ceid=0acfd3e9-feb6-4a11-baca-f2c65d456541&dtycbr=16017:1
c @ event?a=94689&v=5.23.0&otl=1&p0=e%3Dce%26m%3D%255Bc47c308487b371f08d0f413b062eeb5e8888e05aa545f52b634668e4945ba910%255D%26h%3Dsha256&p1=e%3Dexd%26site_type%3Dd%26z%3D&p2=e%3Dvpg&p3=e%3Ddis&adce=1&bundle=8WNio19xUVhxTjlmYmhiJTJCUHU2dUlpcUdlMUlnZWNOWDRiRjNhRGZkR1dTSFc5V3FaJTJCR2c2M2hBSlM2SDMxdnBDNWJtJTJGSlJQVjRBS01SSjFkdHhtWlRsenVGcjlFQ1NvQ1BFZHRPVXF2NTJIdEFQWSUyRlNGUW05OEZYQzUzN2RCZGhKNENZeGVLRkFLNjA0TG1Ka1I2aEMxcXdlVnhma2RVQnRNTUhjT0J4eSUyRnhnSlRvJTNE&tld=desigual.com&dy=1&fu=https%253A%252F%252Fwww.desigual.com%252Fen_US%252Fnew%252Fdesigual%252Flanding%252F&pu=https%253A%252F%252Fwww.desigual.com%252Fen_US%252F&ceid=0acfd3e9-feb6-4a11-baca-f2c65d456541&dtycbr=16017:1
load (async)
callDis @ event?a=94689&v=5.23.0&otl=1&p0=e%3Dce%26m%3D%255Bc47c308487b371f08d0f413b062eeb5e8888e05aa545f52b634668e4945ba910%255D%26h%3Dsha256&p1=e%3Dexd%26site_type%3Dd%26z%3D&p2=e%3Dvpg&p3=e%3Ddis&adce=1&bundle=8WNio19xUVhxTjlmYmhiJTJCUHU2dUlpcUdlMUlnZWNOWDRiRjNhRGZkR1dTSFc5V3FaJTJCR2c2M2hBSlM2SDMxdnBDNWJtJTJGSlJQVjRBS01SSjFkdHhtWlRsenVGcjlFQ1NvQ1BFZHRPVXF2NTJIdEFQWSUyRlNGUW05OEZYQzUzN2RCZGhKNENZeGVLRkFLNjA0TG1Ka1I2aEMxcXdlVnhma2RVQnRNTUhjT0J4eSUyRnhnSlRvJTNE&tld=desigual.com&dy=1&fu=https%253A%252F%252Fwww.desigual.com%252Fen_US%252Fnew%252Fdesigual%252Flanding%252F&pu=https%253A%252F%252Fwww.desigual.com%252Fen_US%252F&ceid=0acfd3e9-feb6-4a11-baca-f2c65d456541&dtycbr=16017:1
(anonymous) @ event?a=94689&v=5.23.0&otl=1&p0=e%3Dce%26m%3D%255Bc47c308487b371f08d0f413b062eeb5e8888e05aa545f52b634668e4945ba910%255D%26h%3Dsha256&p1=e%3Dexd%26site_type%3Dd%26z%3D&p2=e%3Dvpg&p3=e%3Ddis&adce=1&bundle=8WNio19xUVhxTjlmYmhiJTJCUHU2dUlpcUdlMUlnZWNOWDRiRjNhRGZkR1dTSFc5V3FaJTJCR2c2M2hBSlM2SDMxdnBDNWJtJTJGSlJQVjRBS01SSjFkdHhtWlRsenVGcjlFQ1NvQ1BFZHRPVXF2NTJIdEFQWSUyRlNGUW05OEZYQzUzN2RCZGhKNENZeGVLRkFLNjA0TG1Ka1I2aEMxcXdlVnhma2RVQnRNTUhjT0J4eSUyRnhnSlRvJTNE&tld=desigual.com&dy=1&fu=https%253A%252F%252Fwww.desigual.com%252Fen_US%252Fnew%252Fdesigual%252Flanding%252F&pu=https%253A%252F%252Fwww.desigual.com%252Fen_US%252F&ceid=0acfd3e9-feb6-4a11-baca-f2c65d456541&dtycbr=16017:2
(anonymous) @ event?a=94689&v=5.23.0&otl=1&p0=e%3Dce%26m%3D%255Bc47c308487b371f08d0f413b062eeb5e8888e05aa545f52b634668e4945ba910%255D%26h%3Dsha256&p1=e%3Dexd%26site_type%3Dd%26z%3D&p2=e%3Dvpg&p3=e%3Ddis&adce=1&bundle=8WNio19xUVhxTjlmYmhiJTJCUHU2dUlpcUdlMUlnZWNOWDRiRjNhRGZkR1dTSFc5V3FaJTJCR2c2M2hBSlM2SDMxdnBDNWJtJTJGSlJQVjRBS01SSjFkdHhtWlRsenVGcjlFQ1NvQ1BFZHRPVXF2NTJIdEFQWSUyRlNGUW05OEZYQzUzN2RCZGhKNENZeGVLRkFLNjA0TG1Ka1I2aEMxcXdlVnhma2RVQnRNTUhjT0J4eSUyRnhnSlRvJTNE&tld=desigual.com&dy=1&fu=https%253A%252F%252Fwww.desigual.com%252Fen_US%252Fnew%252Fdesigual%252Flanding%252F&pu=https%253A%252F%252Fwww.desigual.com%252Fen_US%252F&ceid=0acfd3e9-feb6-4a11-baca-f2c65d456541&dtycbr=16017:3
03:22:11.661 inlineForm.html:1 Unchecked runtime.lastError: A listener indicated an asynchronous response by returning true, but the message channel closed before a response was received
03:22:11.661 inlineForm.html:1 Unchecked runtime.lastError: A listener indicated an asynchronous response by returning true, but the message channel closed before a response was received
03:22:17.428 widget-gallery.js:1 Uncaught TypeError: Cannot read properties of null (reading 'style')
    at At.playVideo (widget-gallery.js:1:18211)
playVideo @ widget-gallery.js:1
03:22:18.499 widget-gallery.js:1 Uncaught TypeError: Cannot read properties of null (reading 'style')
    at At.playVideo (widget-gallery.js:1:18211)
playVideo @ widget-gallery.js:1
03:22:20.308 widget-gallery.js:1 Uncaught TypeError: Cannot read properties of null (reading 'style')
    at At.playVideo (widget-gallery.js:1:18211)
playVideo @ widget-gallery.js:1
